Flow report for TOTAL
Sat May 25 15:04:48 2024
Quartus II Version 8.1 Build 163 10/28/2008 SJ Web Edition


---------------------
; Table of Contents ;
---------------------
  1. Legal Notice
  2. Flow Summary
  3. Flow Settings
  4. Flow Non-Default Global Settings
  5. Flow Elapsed Time
  6. Flow OS Summary
  7. Flow Log



----------------
; Legal Notice ;
----------------
Copyright (C) 1991-2008 Altera Corporation
Your use of Altera Corporation's design tools, logic functions 
and other software and tools, and its AMPP partner logic 
functions, and any output files from any of the foregoing 
(including device programming or simulation files), and any 
associated documentation or information are expressly subject 
to the terms and conditions of the Altera Program License 
Subscription Agreement, Altera MegaCore Function License 
Agreement, or other applicable license agreement, including, 
without limitation, that your use is for the sole purpose of 
programming logic devices manufactured by Altera and sold by 
Altera or its authorized distributors.  Please refer to the 
applicable agreement for further details.



+------------------------------------------------------------------------------+
; Flow Summary                                                                 ;
+------------------------------------+-----------------------------------------+
; Flow Status                        ; Successful - Sat May 25 15:04:48 2024   ;
; Quartus II Version                 ; 8.1 Build 163 10/28/2008 SJ Web Edition ;
; Revision Name                      ; TOTAL                                   ;
; Top-level Entity Name              ; TOTAL                                   ;
; Family                             ; Cyclone II                              ;
; Device                             ; EP2C8Q208C8                             ;
; Timing Models                      ; Final                                   ;
; Met timing requirements            ; No                                      ;
; Total logic elements               ; 156 / 8,256 ( 2 % )                     ;
;     Total combinational functions  ; 133 / 8,256 ( 2 % )                     ;
;     Dedicated logic registers      ; 74 / 8,256 ( < 1 % )                    ;
; Total registers                    ; 74                                      ;
; Total pins                         ; 98 / 138 ( 71 % )                       ;
; Total virtual pins                 ; 0                                       ;
; Total memory bits                  ; 0 / 165,888 ( 0 % )                     ;
; Embedded Multiplier 9-bit elements ; 0 / 36 ( 0 % )                          ;
; Total PLLs                         ; 0 / 2 ( 0 % )                           ;
+------------------------------------+-----------------------------------------+


+-----------------------------------------+
; Flow Settings                           ;
+-------------------+---------------------+
; Option            ; Setting             ;
+-------------------+---------------------+
; Start date & time ; 05/25/2024 15:04:37 ;
; Main task         ; Compilation         ;
; Revision Name     ; TOTAL               ;
+-------------------+---------------------+


+-----------------------------------------------------------------------------------------------------------------------------------------+
; Flow Non-Default Global Settings                                                                                                        ;
+------------------------------------+-----------------------------------------------------+---------------+-------------+----------------+
; Assignment Name                    ; Value                                               ; Default Value ; Entity Name ; Section Id     ;
+------------------------------------+-----------------------------------------------------+---------------+-------------+----------------+
; COMPILER_SIGNATURE_ID              ; 109952948961539.171662067703764                     ; --            ; --          ; --             ;
; MAX_CORE_JUNCTION_TEMP             ; 85                                                  ; --            ; --          ; --             ;
; MIN_CORE_JUNCTION_TEMP             ; 0                                                   ; --            ; --          ; --             ;
; MISC_FILE                          ; G:/CCP-DESIGN/Lesson4/TOTAL/TOTAL.dpf               ; --            ; --          ; --             ;
; MISC_FILE                          ; G:/CCP-DESIGN/Lesson4/TOTAL - 副本/TOTAL.dpf        ; --            ; --          ; --             ;
; MISC_FILE                          ; F:/CCP-DESIGN/Lesson4/TOTAL - 副本 - 副本/TOTAL.dpf ; --            ; --          ; --             ;
; PARTITION_COLOR                    ; 16764057                                            ; --            ; --          ; Top            ;
; PARTITION_NETLIST_TYPE             ; SOURCE                                              ; --            ; --          ; Top            ;
; USE_GENERATED_PHYSICAL_CONSTRAINTS ; Off                                                 ; --            ; --          ; eda_blast_fpga ;
+------------------------------------+-----------------------------------------------------+---------------+-------------+----------------+


+-----------------------------------------------------------------------------------------------------------------------------+
; Flow Elapsed Time                                                                                                           ;
+-------------------------+--------------+-------------------------+---------------------+------------------------------------+
; Module Name             ; Elapsed Time ; Average Processors Used ; Peak Virtual Memory ; Total CPU Time (on all processors) ;
+-------------------------+--------------+-------------------------+---------------------+------------------------------------+
; Analysis & Synthesis    ; 00:00:03     ; 1.0                     ; 217 MB              ; 00:00:01                           ;
; Fitter                  ; 00:00:02     ; 1.0                     ; 218 MB              ; 00:00:02                           ;
; Assembler               ; 00:00:01     ; 1.0                     ; 202 MB              ; 00:00:01                           ;
; Classic Timing Analyzer ; 00:00:01     ; 1.0                     ; 161 MB              ; 00:00:00                           ;
; Total                   ; 00:00:07     ; --                      ; --                  ; 00:00:04                           ;
+-------------------------+--------------+-------------------------+---------------------+------------------------------------+


+------------------------------------------------------------------------------------------+
; Flow OS Summary                                                                          ;
+-------------------------+------------------+---------------+------------+----------------+
; Module Name             ; Machine Hostname ; OS Name       ; OS Version ; Processor type ;
+-------------------------+------------------+---------------+------------+----------------+
; Analysis & Synthesis    ; 503-28           ; Windows Vista ; 6.1        ; x86_64         ;
; Fitter                  ; 503-28           ; Windows Vista ; 6.1        ; x86_64         ;
; Assembler               ; 503-28           ; Windows Vista ; 6.1        ; x86_64         ;
; Classic Timing Analyzer ; 503-28           ; Windows Vista ; 6.1        ; x86_64         ;
+-------------------------+------------------+---------------+------------+----------------+


------------
; Flow Log ;
------------
quartus_map --read_settings_files=on --write_settings_files=off TOTAL -c TOTAL
quartus_fit --read_settings_files=off --write_settings_files=off TOTAL -c TOTAL
quartus_asm --read_settings_files=off --write_settings_files=off TOTAL -c TOTAL
quartus_tan --read_settings_files=off --write_settings_files=off TOTAL -c TOTAL --timing_analysis_only



