Classic Timing Analyzer report for project1-plus
Sat Mar 23 15:17:43 2024
Quartus II Version 8.1 Build 163 10/28/2008 SJ Web Edition


---------------------
; Table of Contents ;
---------------------
  1. Legal Notice
  2. Timing Analyzer Summary
  3. Timing Analyzer Settings
  4. Clock Settings Summary
  5. Clock Setup: 'CP'
  6. tco
  7. Timing Analyzer Messages



----------------
; Legal Notice ;
----------------
Copyright (C) 1991-2008 Altera Corporation
Your use of Altera Corporation's design tools, logic functions 
and other software and tools, and its AMPP partner logic 
functions, and any output files from any of the foregoing 
(including device programming or simulation files), and any 
associated documentation or information are expressly subject 
to the terms and conditions of the Altera Program License 
Subscription Agreement, Altera MegaCore Function License 
Agreement, or other applicable license agreement, including, 
without limitation, that your use is for the sole purpose of 
programming logic devices manufactured by Altera and sold by 
Altera or its authorized distributors.  Please refer to the 
applicable agreement for further details.



+-----------------------------------------------------------------------------------------------------------------------------------------------------------------------------------------+
; Timing Analyzer Summary                                                                                                                                                                 ;
+------------------------------+-------+---------------+------------------------------------------------+---------------------+--------------------+------------+----------+--------------+
; Type                         ; Slack ; Required Time ; Actual Time                                    ; From                ; To                 ; From Clock ; To Clock ; Failed Paths ;
+------------------------------+-------+---------------+------------------------------------------------+---------------------+--------------------+------------+----------+--------------+
; Worst-case tco               ; N/A   ; None          ; 20.949 ns                                      ; counter:inst1|inst3 ; Q7                 ; CP         ; --       ; 0            ;
; Clock Setup: 'CP'            ; N/A   ; None          ; Restricted to 340.02 MHz ( period = 2.941 ns ) ; counter:inst1|inst  ; counter:inst1|inst ; CP         ; CP       ; 0            ;
; Total number of failed paths ;       ;               ;                                                ;                     ;                    ;            ;          ; 0            ;
+------------------------------+-------+---------------+------------------------------------------------+---------------------+--------------------+------------+----------+--------------+


+--------------------------------------------------------------------------------------------------------------------+
; Timing Analyzer Settings                                                                                           ;
+---------------------------------------------------------------------+--------------------+------+----+-------------+
; Option                                                              ; Setting            ; From ; To ; Entity Name ;
+---------------------------------------------------------------------+--------------------+------+----+-------------+
; Device Name                                                         ; EP2C8Q208C8        ;      ;    ;             ;
; Timing Models                                                       ; Final              ;      ;    ;             ;
; Default hold multicycle                                             ; Same as Multicycle ;      ;    ;             ;
; Cut paths between unrelated clock domains                           ; On                 ;      ;    ;             ;
; Cut off read during write signal paths                              ; On                 ;      ;    ;             ;
; Cut off feedback from I/O pins                                      ; On                 ;      ;    ;             ;
; Report Combined Fast/Slow Timing                                    ; Off                ;      ;    ;             ;
; Ignore Clock Settings                                               ; Off                ;      ;    ;             ;
; Analyze latches as synchronous elements                             ; On                 ;      ;    ;             ;
; Enable Recovery/Removal analysis                                    ; Off                ;      ;    ;             ;
; Enable Clock Latency                                                ; Off                ;      ;    ;             ;
; Use TimeQuest Timing Analyzer                                       ; Off                ;      ;    ;             ;
; Minimum Core Junction Temperature                                   ; 0                  ;      ;    ;             ;
; Maximum Core Junction Temperature                                   ; 85                 ;      ;    ;             ;
; Number of source nodes to report per destination node               ; 10                 ;      ;    ;             ;
; Number of destination nodes to report                               ; 10                 ;      ;    ;             ;
; Number of paths to report                                           ; 200                ;      ;    ;             ;
; Report Minimum Timing Checks                                        ; Off                ;      ;    ;             ;
; Use Fast Timing Models                                              ; Off                ;      ;    ;             ;
; Report IO Paths Separately                                          ; Off                ;      ;    ;             ;
; Perform Multicorner Analysis                                        ; On                 ;      ;    ;             ;
; Reports the worst-case path for each clock domain and analysis      ; Off                ;      ;    ;             ;
; Removes common clock path pessimism (CCPP) during slack computation ; Off                ;      ;    ;             ;
; Output I/O Timing Endpoint                                          ; Near End           ;      ;    ;             ;
+---------------------------------------------------------------------+--------------------+------+----+-------------+


+------------------------------------------------------------------------------------------------------------------------------------------------------------------------------------+
; Clock Settings Summary                                                                                                                                                             ;
+-----------------+--------------------+----------+------------------+---------------+--------------+----------+-----------------------+---------------------+--------+--------------+
; Clock Node Name ; Clock Setting Name ; Type     ; Fmax Requirement ; Early Latency ; Late Latency ; Based on ; Multiply Base Fmax by ; Divide Base Fmax by ; Offset ; Phase offset ;
+-----------------+--------------------+----------+------------------+---------------+--------------+----------+-----------------------+---------------------+--------+--------------+
; CP              ;                    ; User Pin ; None             ; 0.000 ns      ; 0.000 ns     ; --       ; N/A                   ; N/A                 ; N/A    ;              ;
+-----------------+--------------------+----------+------------------+---------------+--------------+----------+-----------------------+---------------------+--------+--------------+


+----------------------------------------------------------------------------------------------------------------------------------------------------------------------------------------------------------------+
; Clock Setup: 'CP'                                                                                                                                                                                              ;
+-------+------------------------------------------------+---------------------+---------------------+------------+----------+-----------------------------+---------------------------+-------------------------+
; Slack ; Actual fmax (period)                           ; From                ; To                  ; From Clock ; To Clock ; Required Setup Relationship ; Required Longest P2P Time ; Actual Longest P2P Time ;
+-------+------------------------------------------------+---------------------+---------------------+------------+----------+-----------------------------+---------------------------+-------------------------+
; N/A   ; Restricted to 340.02 MHz ( period = 2.941 ns ) ; counter:inst|inst3  ; counter:inst|inst3  ; CP         ; CP       ; None                        ; None                      ; 0.501 ns                ;
; N/A   ; Restricted to 340.02 MHz ( period = 2.941 ns ) ; counter:inst|inst2  ; counter:inst|inst2  ; CP         ; CP       ; None                        ; None                      ; 0.501 ns                ;
; N/A   ; Restricted to 340.02 MHz ( period = 2.941 ns ) ; counter:inst|inst1  ; counter:inst|inst1  ; CP         ; CP       ; None                        ; None                      ; 0.501 ns                ;
; N/A   ; Restricted to 340.02 MHz ( period = 2.941 ns ) ; counter:inst|inst   ; counter:inst|inst   ; CP         ; CP       ; None                        ; None                      ; 0.501 ns                ;
; N/A   ; Restricted to 340.02 MHz ( period = 2.941 ns ) ; counter:inst1|inst3 ; counter:inst1|inst3 ; CP         ; CP       ; None                        ; None                      ; 0.501 ns                ;
; N/A   ; Restricted to 340.02 MHz ( period = 2.941 ns ) ; counter:inst1|inst2 ; counter:inst1|inst2 ; CP         ; CP       ; None                        ; None                      ; 0.501 ns                ;
; N/A   ; Restricted to 340.02 MHz ( period = 2.941 ns ) ; counter:inst1|inst1 ; counter:inst1|inst1 ; CP         ; CP       ; None                        ; None                      ; 0.501 ns                ;
; N/A   ; Restricted to 340.02 MHz ( period = 2.941 ns ) ; counter:inst1|inst  ; counter:inst1|inst  ; CP         ; CP       ; None                        ; None                      ; 0.501 ns                ;
+-------+------------------------------------------------+---------------------+---------------------+------------+----------+-----------------------------+---------------------------+-------------------------+


+---------------------------------------------------------------------------+
; tco                                                                       ;
+-------+--------------+------------+---------------------+----+------------+
; Slack ; Required tco ; Actual tco ; From                ; To ; From Clock ;
+-------+--------------+------------+---------------------+----+------------+
; N/A   ; None         ; 20.949 ns  ; counter:inst1|inst3 ; Q7 ; CP         ;
; N/A   ; None         ; 18.449 ns  ; counter:inst1|inst2 ; Q6 ; CP         ;
; N/A   ; None         ; 17.126 ns  ; counter:inst1|inst1 ; Q5 ; CP         ;
; N/A   ; None         ; 15.425 ns  ; counter:inst1|inst  ; Q4 ; CP         ;
; N/A   ; None         ; 13.662 ns  ; counter:inst|inst3  ; Q3 ; CP         ;
; N/A   ; None         ; 11.939 ns  ; counter:inst|inst2  ; Q2 ; CP         ;
; N/A   ; None         ; 10.281 ns  ; counter:inst|inst1  ; Q1 ; CP         ;
; N/A   ; None         ; 7.540 ns   ; counter:inst|inst   ; Q0 ; CP         ;
+-------+--------------+------------+---------------------+----+------------+


+--------------------------+
; Timing Analyzer Messages ;
+--------------------------+
Info: *******************************************************************
Info: Running Quartus II Classic Timing Analyzer
    Info: Version 8.1 Build 163 10/28/2008 SJ Web Edition
    Info: Processing started: Sat Mar 23 15:17:43 2024
Info: Command: quartus_tan --read_settings_files=off --write_settings_files=off project1-plus -c project1-plus --timing_analysis_only
Warning: Found pins functioning as undefined clocks and/or memory enables
    Info: Assuming node "CP" is an undefined clock
Warning: Found 7 node(s) in clock paths which may be acting as ripple and/or gated clocks -- node(s) analyzed as buffer(s) resulting in clock skew
    Info: Detected ripple clock "counter:inst1|inst" as buffer
    Info: Detected ripple clock "counter:inst1|inst1" as buffer
    Info: Detected ripple clock "counter:inst1|inst2" as buffer
    Info: Detected ripple clock "counter:inst|inst" as buffer
    Info: Detected ripple clock "counter:inst|inst1" as buffer
    Info: Detected ripple clock "counter:inst|inst2" as buffer
    Info: Detected ripple clock "counter:inst|inst3" as buffer
Info: Clock "CP" Internal fmax is restricted to 340.02 MHz between source register "counter:inst|inst3" and destination register "counter:inst|inst3"
    Info: fmax restricted to clock pin edge rate 2.941 ns. Expand message to see actual delay path.
        Info: + Longest register to register delay is 0.501 ns
            Info: 1: + IC(0.000 ns) + CELL(0.000 ns) = 0.000 ns; Loc. = LCFF_X28_Y10_N1; Fanout = 3; REG Node = 'counter:inst|inst3'
            Info: 2: + IC(0.000 ns) + CELL(0.393 ns) = 0.393 ns; Loc. = LCCOMB_X28_Y10_N0; Fanout = 1; COMB Node = 'counter:inst|inst3~2'
            Info: 3: + IC(0.000 ns) + CELL(0.108 ns) = 0.501 ns; Loc. = LCFF_X28_Y10_N1; Fanout = 3; REG Node = 'counter:inst|inst3'
            Info: Total cell delay = 0.501 ns ( 100.00 % )
        Info: - Smallest clock skew is 0.000 ns
            Info: + Shortest clock path from clock "CP" to destination register is 8.461 ns
                Info: 1: + IC(0.000 ns) + CELL(1.150 ns) = 1.150 ns; Loc. = PIN_131; Fanout = 1; CLK Node = 'CP'
                Info: 2: + IC(0.869 ns) + CELL(0.970 ns) = 2.989 ns; Loc. = LCFF_X31_Y10_N17; Fanout = 3; REG Node = 'counter:inst|inst'
                Info: 3: + IC(1.407 ns) + CELL(0.970 ns) = 5.366 ns; Loc. = LCFF_X26_Y10_N27; Fanout = 3; REG Node = 'counter:inst|inst1'
                Info: 4: + IC(0.393 ns) + CELL(0.970 ns) = 6.729 ns; Loc. = LCFF_X26_Y10_N17; Fanout = 3; REG Node = 'counter:inst|inst2'
                Info: 5: + IC(1.066 ns) + CELL(0.666 ns) = 8.461 ns; Loc. = LCFF_X28_Y10_N1; Fanout = 3; REG Node = 'counter:inst|inst3'
                Info: Total cell delay = 4.726 ns ( 55.86 % )
                Info: Total interconnect delay = 3.735 ns ( 44.14 % )
            Info: - Longest clock path from clock "CP" to source register is 8.461 ns
                Info: 1: + IC(0.000 ns) + CELL(1.150 ns) = 1.150 ns; Loc. = PIN_131; Fanout = 1; CLK Node = 'CP'
                Info: 2: + IC(0.869 ns) + CELL(0.970 ns) = 2.989 ns; Loc. = LCFF_X31_Y10_N17; Fanout = 3; REG Node = 'counter:inst|inst'
                Info: 3: + IC(1.407 ns) + CELL(0.970 ns) = 5.366 ns; Loc. = LCFF_X26_Y10_N27; Fanout = 3; REG Node = 'counter:inst|inst1'
                Info: 4: + IC(0.393 ns) + CELL(0.970 ns) = 6.729 ns; Loc. = LCFF_X26_Y10_N17; Fanout = 3; REG Node = 'counter:inst|inst2'
                Info: 5: + IC(1.066 ns) + CELL(0.666 ns) = 8.461 ns; Loc. = LCFF_X28_Y10_N1; Fanout = 3; REG Node = 'counter:inst|inst3'
                Info: Total cell delay = 4.726 ns ( 55.86 % )
                Info: Total interconnect delay = 3.735 ns ( 44.14 % )
        Info: + Micro clock to output delay of source is 0.304 ns
        Info: + Micro setup delay of destination is -0.040 ns
Info: tco from clock "CP" to destination pin "Q7" through register "counter:inst1|inst3" is 20.949 ns
    Info: + Longest clock path from clock "CP" to source register is 15.709 ns
        Info: 1: + IC(0.000 ns) + CELL(1.150 ns) = 1.150 ns; Loc. = PIN_131; Fanout = 1; CLK Node = 'CP'
        Info: 2: + IC(0.869 ns) + CELL(0.970 ns) = 2.989 ns; Loc. = LCFF_X31_Y10_N17; Fanout = 3; REG Node = 'counter:inst|inst'
        Info: 3: + IC(1.407 ns) + CELL(0.970 ns) = 5.366 ns; Loc. = LCFF_X26_Y10_N27; Fanout = 3; REG Node = 'counter:inst|inst1'
        Info: 4: + IC(0.393 ns) + CELL(0.970 ns) = 6.729 ns; Loc. = LCFF_X26_Y10_N17; Fanout = 3; REG Node = 'counter:inst|inst2'
        Info: 5: + IC(1.066 ns) + CELL(0.970 ns) = 8.765 ns; Loc. = LCFF_X28_Y10_N1; Fanout = 3; REG Node = 'counter:inst|inst3'
        Info: 6: + IC(0.402 ns) + CELL(0.970 ns) = 10.137 ns; Loc. = LCFF_X28_Y10_N3; Fanout = 3; REG Node = 'counter:inst1|inst'
        Info: 7: + IC(1.449 ns) + CELL(0.970 ns) = 12.556 ns; Loc. = LCFF_X31_Y13_N27; Fanout = 3; REG Node = 'counter:inst1|inst1'
        Info: 8: + IC(0.393 ns) + CELL(0.970 ns) = 13.919 ns; Loc. = LCFF_X31_Y13_N9; Fanout = 3; REG Node = 'counter:inst1|inst2'
        Info: 9: + IC(1.124 ns) + CELL(0.666 ns) = 15.709 ns; Loc. = LCFF_X31_Y10_N19; Fanout = 2; REG Node = 'counter:inst1|inst3'
        Info: Total cell delay = 8.606 ns ( 54.78 % )
        Info: Total interconnect delay = 7.103 ns ( 45.22 % )
    Info: + Micro clock to output delay of source is 0.304 ns
    Info: + Longest register to pin delay is 4.936 ns
        Info: 1: + IC(0.000 ns) + CELL(0.000 ns) = 0.000 ns; Loc. = LCFF_X31_Y10_N19; Fanout = 2; REG Node = 'counter:inst1|inst3'
        Info: 2: + IC(1.830 ns) + CELL(3.106 ns) = 4.936 ns; Loc. = PIN_150; Fanout = 0; PIN Node = 'Q7'
        Info: Total cell delay = 3.106 ns ( 62.93 % )
        Info: Total interconnect delay = 1.830 ns ( 37.07 % )
Info: Quartus II Classic Timing Analyzer was successful. 0 errors, 2 warnings
    Info: Peak virtual memory: 156 megabytes
    Info: Processing ended: Sat Mar 23 15:17:43 2024
    Info: Elapsed time: 00:00:00
    Info: Total CPU time (on all processors): 00:00:00


