Analysis & Synthesis report for TOTAL
Tue May 21 20:18:31 2024
Quartus II Version 8.1 Build 163 10/28/2008 SJ Web Edition


---------------------
; Table of Contents ;
---------------------
  1. Legal Notice
  2. Analysis & Synthesis Summary
  3. Analysis & Synthesis Settings
  4. Analysis & Synthesis Source Files Read
  5. Analysis & Synthesis Resource Usage Summary
  6. Analysis & Synthesis Resource Utilization by Entity
  7. General Register Statistics
  8. Parameter Settings for User Entity Instance: UPC:inst1|74161:inst
  9. Parameter Settings for User Entity Instance: UPC:inst1|74161:inst1
 10. Parameter Settings for User Entity Instance: UPC:PC|74161:inst
 11. Parameter Settings for User Entity Instance: UPC:PC|74161:inst1
 12. Analysis & Synthesis Messages



----------------
; Legal Notice ;
----------------
Copyright (C) 1991-2008 Altera Corporation
Your use of Altera Corporation's design tools, logic functions 
and other software and tools, and its AMPP partner logic 
functions, and any output files from any of the foregoing 
(including device programming or simulation files), and any 
associated documentation or information are expressly subject 
to the terms and conditions of the Altera Program License 
Subscription Agreement, Altera MegaCore Function License 
Agreement, or other applicable license agreement, including, 
without limitation, that your use is for the sole purpose of 
programming logic devices manufactured by Altera and sold by 
Altera or its authorized distributors.  Please refer to the 
applicable agreement for further details.



+------------------------------------------------------------------------------+
; Analysis & Synthesis Summary                                                 ;
+------------------------------------+-----------------------------------------+
; Analysis & Synthesis Status        ; Successful - Tue May 21 20:18:31 2024   ;
; Quartus II Version                 ; 8.1 Build 163 10/28/2008 SJ Web Edition ;
; Revision Name                      ; TOTAL                                   ;
; Top-level Entity Name              ; TOTAL                                   ;
; Family                             ; Cyclone II                              ;
; Total logic elements               ; 134                                     ;
;     Total combinational functions  ; 134                                     ;
;     Dedicated logic registers      ; 74                                      ;
; Total registers                    ; 74                                      ;
; Total pins                         ; 98                                      ;
; Total virtual pins                 ; 0                                       ;
; Total memory bits                  ; 0                                       ;
; Embedded Multiplier 9-bit elements ; 0                                       ;
; Total PLLs                         ; 0                                       ;
+------------------------------------+-----------------------------------------+


+----------------------------------------------------------------------------------------------------------+
; Analysis & Synthesis Settings                                                                            ;
+----------------------------------------------------------------+--------------------+--------------------+
; Option                                                         ; Setting            ; Default Value      ;
+----------------------------------------------------------------+--------------------+--------------------+
; Device                                                         ; EP2C8Q208C8        ;                    ;
; Top-level entity name                                          ; TOTAL              ; TOTAL              ;
; Family name                                                    ; Cyclone II         ; Stratix II         ;
; Use Generated Physical Constraints File                        ; Off                ;                    ;
; Use smart compilation                                          ; Off                ; Off                ;
; Restructure Multiplexers                                       ; Auto               ; Auto               ;
; Create Debugging Nodes for IP Cores                            ; Off                ; Off                ;
; Preserve fewer node names                                      ; On                 ; On                 ;
; Disable OpenCore Plus hardware evaluation                      ; Off                ; Off                ;
; Verilog Version                                                ; Verilog_2001       ; Verilog_2001       ;
; VHDL Version                                                   ; VHDL93             ; VHDL93             ;
; State Machine Processing                                       ; Auto               ; Auto               ;
; Safe State Machine                                             ; Off                ; Off                ;
; Extract Verilog State Machines                                 ; On                 ; On                 ;
; Extract VHDL State Machines                                    ; On                 ; On                 ;
; Ignore Verilog initial constructs                              ; Off                ; Off                ;
; Iteration limit for constant Verilog loops                     ; 5000               ; 5000               ;
; Iteration limit for non-constant Verilog loops                 ; 250                ; 250                ;
; Add Pass-Through Logic to Inferred RAMs                        ; On                 ; On                 ;
; Parallel Synthesis                                             ; Off                ; Off                ;
; DSP Block Balancing                                            ; Auto               ; Auto               ;
; NOT Gate Push-Back                                             ; On                 ; On                 ;
; Power-Up Don't Care                                            ; On                 ; On                 ;
; Remove Redundant Logic Cells                                   ; Off                ; Off                ;
; Remove Duplicate Registers                                     ; On                 ; On                 ;
; Ignore CARRY Buffers                                           ; Off                ; Off                ;
; Ignore CASCADE Buffers                                         ; Off                ; Off                ;
; Ignore GLOBAL Buffers                                          ; Off                ; Off                ;
; Ignore ROW GLOBAL Buffers                                      ; Off                ; Off                ;
; Ignore LCELL Buffers                                           ; Off                ; Off                ;
; Ignore SOFT Buffers                                            ; On                 ; On                 ;
; Limit AHDL Integers to 32 Bits                                 ; Off                ; Off                ;
; Optimization Technique                                         ; Balanced           ; Balanced           ;
; Carry Chain Length                                             ; 70                 ; 70                 ;
; Auto Carry Chains                                              ; On                 ; On                 ;
; Auto Open-Drain Pins                                           ; On                 ; On                 ;
; Perform WYSIWYG Primitive Resynthesis                          ; Off                ; Off                ;
; Perform gate-level register retiming                           ; Off                ; Off                ;
; Allow register retiming to trade off Tsu/Tco with Fmax         ; On                 ; On                 ;
; Auto ROM Replacement                                           ; On                 ; On                 ;
; Auto RAM Replacement                                           ; On                 ; On                 ;
; Auto Shift Register Replacement                                ; Auto               ; Auto               ;
; Auto Clock Enable Replacement                                  ; On                 ; On                 ;
; Strict RAM Replacement                                         ; Off                ; Off                ;
; Allow Synchronous Control Signals                              ; On                 ; On                 ;
; Force Use of Synchronous Clear Signals                         ; Off                ; Off                ;
; Auto RAM to Logic Cell Conversion                              ; Off                ; Off                ;
; Auto Resource Sharing                                          ; Off                ; Off                ;
; Allow Any RAM Size For Recognition                             ; Off                ; Off                ;
; Allow Any ROM Size For Recognition                             ; Off                ; Off                ;
; Allow Any Shift Register Size For Recognition                  ; Off                ; Off                ;
; Use LogicLock Constraints during Resource Balancing            ; On                 ; On                 ;
; Ignore translate_off and synthesis_off directives              ; Off                ; Off                ;
; Show Parameter Settings Tables in Synthesis Report             ; On                 ; On                 ;
; Ignore Maximum Fan-Out Assignments                             ; Off                ; Off                ;
; Synchronization Register Chain Length                          ; 2                  ; 2                  ;
; PowerPlay Power Optimization                                   ; Normal compilation ; Normal compilation ;
; HDL message level                                              ; Level2             ; Level2             ;
; Suppress Register Optimization Related Messages                ; Off                ; Off                ;
; Number of Removed Registers Reported in Synthesis Report       ; 100                ; 100                ;
; Number of Inverted Registers Reported in Synthesis Report      ; 100                ; 100                ;
; Clock MUX Protection                                           ; On                 ; On                 ;
; Auto Gated Clock Conversion                                    ; Off                ; Off                ;
; Block Design Naming                                            ; Auto               ; Auto               ;
; SDC constraint protection                                      ; Off                ; Off                ;
; Synthesis Effort                                               ; Auto               ; Auto               ;
; Allows Asynchronous Clear Usage For Shift Register Replacement ; On                 ; On                 ;
; Analysis & Synthesis Message Level                             ; Medium             ; Medium             ;
+----------------------------------------------------------------+--------------------+--------------------+


+-----------------------------------------------------------------------------------------------------------------------------------------------------------+
; Analysis & Synthesis Source Files Read                                                                                                                    ;
+----------------------------------+-----------------+------------------------------------------+-----------------------------------------------------------+
; File Name with User-Entered Path ; Used in Netlist ; File Type                                ; File Name with Absolute Path                              ;
+----------------------------------+-----------------+------------------------------------------+-----------------------------------------------------------+
; select1-4.bdf                    ; yes             ; User Block Diagram/Schematic File        ; G:/CCP-DESIGN/Lesson4/TOTAL/select1-4.bdf                 ;
; select8-4.bdf                    ; yes             ; User Block Diagram/Schematic File        ; G:/CCP-DESIGN/Lesson4/TOTAL/select8-4.bdf                 ;
; MICRO_AD.bdf                     ; yes             ; User Block Diagram/Schematic File        ; G:/CCP-DESIGN/Lesson4/TOTAL/MICRO_AD.bdf                  ;
; 38_decoder.bdf                   ; yes             ; User Block Diagram/Schematic File        ; G:/CCP-DESIGN/Lesson4/TOTAL/38_decoder.bdf                ;
; 24_decoder.bdf                   ; yes             ; User Block Diagram/Schematic File        ; G:/CCP-DESIGN/Lesson4/TOTAL/24_decoder.bdf                ;
; ALU.bdf                          ; yes             ; User Block Diagram/Schematic File        ; G:/CCP-DESIGN/Lesson4/TOTAL/ALU.bdf                       ;
; UPC.bdf                          ; yes             ; User Block Diagram/Schematic File        ; G:/CCP-DESIGN/Lesson4/TOTAL/UPC.bdf                       ;
; select-2.bdf                     ; yes             ; User Block Diagram/Schematic File        ; G:/CCP-DESIGN/Lesson4/TOTAL/select-2.bdf                  ;
; register-group.bdf               ; yes             ; User Block Diagram/Schematic File        ; G:/CCP-DESIGN/Lesson4/TOTAL/register-group.bdf            ;
; MDR.bdf                          ; yes             ; User Block Diagram/Schematic File        ; G:/CCP-DESIGN/Lesson4/TOTAL/MDR.bdf                       ;
; MAR-8.bdf                        ; yes             ; User Block Diagram/Schematic File        ; G:/CCP-DESIGN/Lesson4/TOTAL/MAR-8.bdf                     ;
; halt.bdf                         ; yes             ; User Block Diagram/Schematic File        ; G:/CCP-DESIGN/Lesson4/TOTAL/halt.bdf                      ;
; TOTAL.bdf                        ; yes             ; User Block Diagram/Schematic File        ; G:/CCP-DESIGN/Lesson4/TOTAL/TOTAL.bdf                     ;
; 74161.tdf                        ; yes             ; Megafunction                             ; c:/altera/81/quartus/libraries/others/maxplus2/74161.tdf  ;
; aglobal.inc                      ; yes             ; Megafunction                             ; c:/altera/81/quartus/libraries/megafunctions/aglobal.inc  ;
; f74161.bdf                       ; yes             ; Megafunction                             ; c:/altera/81/quartus/libraries/others/maxplus2/f74161.bdf ;
; triple_selector_8b.bdf           ; yes             ; Auto-Found Block Diagram/Schematic File  ; G:/CCP-DESIGN/Lesson4/TOTAL/triple_selector_8b.bdf        ;
; 74181.bdf                        ; yes             ; Megafunction                             ; c:/altera/81/quartus/libraries/others/maxplus2/74181.bdf  ;
; 74182.bdf                        ; yes             ; Megafunction                             ; c:/altera/81/quartus/libraries/others/maxplus2/74182.bdf  ;
; 74139.bdf                        ; yes             ; Megafunction                             ; c:/altera/81/quartus/libraries/others/maxplus2/74139.bdf  ;
+----------------------------------+-----------------+------------------------------------------+-----------------------------------------------------------+


+-----------------------------------------------------+
; Analysis & Synthesis Resource Usage Summary         ;
+---------------------------------------------+-------+
; Resource                                    ; Usage ;
+---------------------------------------------+-------+
; Estimated Total logic elements              ; 134   ;
;                                             ;       ;
; Total combinational functions               ; 134   ;
; Logic element usage by number of LUT inputs ;       ;
;     -- 4 input functions                    ; 94    ;
;     -- 3 input functions                    ; 30    ;
;     -- <=2 input functions                  ; 10    ;
;                                             ;       ;
; Logic elements by mode                      ;       ;
;     -- normal mode                          ; 134   ;
;     -- arithmetic mode                      ; 0     ;
;                                             ;       ;
; Total registers                             ; 74    ;
;     -- Dedicated logic registers            ; 74    ;
;     -- I/O registers                        ; 0     ;
;                                             ;       ;
; I/O pins                                    ; 98    ;
; Maximum fan-out node                        ; CLR   ;
; Maximum fan-out                             ; 73    ;
; Total fan-out                               ; 788   ;
; Average fan-out                             ; 2.58  ;
+---------------------------------------------+-------+


+--------------------------------------------------------------------------------------------------------------------------------------------------------------------------------------------------+
; Analysis & Synthesis Resource Utilization by Entity                                                                                                                                              ;
+----------------------------+-------------------+--------------+-------------+--------------+---------+-----------+------+--------------+------------------------------------------+--------------+
; Compilation Hierarchy Node ; LC Combinationals ; LC Registers ; Memory Bits ; DSP Elements ; DSP 9x9 ; DSP 18x18 ; Pins ; Virtual Pins ; Full Hierarchy Name                      ; Library Name ;
+----------------------------+-------------------+--------------+-------------+--------------+---------+-----------+------+--------------+------------------------------------------+--------------+
; |TOTAL                     ; 134 (8)           ; 74 (1)       ; 0           ; 0            ; 0       ; 0         ; 98   ; 0            ; |TOTAL                                   ; work         ;
;    |24_decoder:inst11|     ; 1 (0)             ; 0 (0)        ; 0           ; 0            ; 0       ; 0         ; 0    ; 0            ; |TOTAL|24_decoder:inst11                 ; work         ;
;       |38_decoder:inst|    ; 1 (1)             ; 0 (0)        ; 0           ; 0            ; 0       ; 0         ; 0    ; 0            ; |TOTAL|24_decoder:inst11|38_decoder:inst ; work         ;
;    |24_decoder:inst2|      ; 2 (0)             ; 0 (0)        ; 0           ; 0            ; 0       ; 0         ; 0    ; 0            ; |TOTAL|24_decoder:inst2                  ; work         ;
;       |38_decoder:inst|    ; 2 (2)             ; 0 (0)        ; 0           ; 0            ; 0       ; 0         ; 0    ; 0            ; |TOTAL|24_decoder:inst2|38_decoder:inst  ; work         ;
;    |ALU:inst40|            ; 35 (0)            ; 0 (0)        ; 0           ; 0            ; 0       ; 0         ; 0    ; 0            ; |TOTAL|ALU:inst40                        ; work         ;
;       |74181:inst1|        ; 17 (17)           ; 0 (0)        ; 0           ; 0            ; 0       ; 0         ; 0    ; 0            ; |TOTAL|ALU:inst40|74181:inst1            ; work         ;
;       |74181:inst|         ; 13 (13)           ; 0 (0)        ; 0           ; 0            ; 0       ; 0         ; 0    ; 0            ; |TOTAL|ALU:inst40|74181:inst             ; work         ;
;       |74182:inst2|        ; 5 (5)             ; 0 (0)        ; 0           ; 0            ; 0       ; 0         ; 0    ; 0            ; |TOTAL|ALU:inst40|74182:inst2            ; work         ;
;    |MAR-8:IR23|            ; 0 (0)             ; 8 (8)        ; 0           ; 0            ; 0       ; 0         ; 0    ; 0            ; |TOTAL|MAR-8:IR23                        ; work         ;
;    |MAR-8:IR|              ; 0 (0)             ; 8 (8)        ; 0           ; 0            ; 0       ; 0         ; 0    ; 0            ; |TOTAL|MAR-8:IR                          ; work         ;
;    |MDR:inst24|            ; 8 (0)             ; 8 (0)        ; 0           ; 0            ; 0       ; 0         ; 0    ; 0            ; |TOTAL|MDR:inst24                        ; work         ;
;       |MAR-8:inst9|        ; 0 (0)             ; 8 (8)        ; 0           ; 0            ; 0       ; 0         ; 0    ; 0            ; |TOTAL|MDR:inst24|MAR-8:inst9            ; work         ;
;       |select-2:inst|      ; 8 (8)             ; 0 (0)        ; 0           ; 0            ; 0       ; 0         ; 0    ; 0            ; |TOTAL|MDR:inst24|select-2:inst          ; work         ;
;    |MICRO_AD:inst5|        ; 8 (8)             ; 0 (0)        ; 0           ; 0            ; 0       ; 0         ; 0    ; 0            ; |TOTAL|MICRO_AD:inst5                    ; work         ;
;    |UPC:PC|                ; 14 (0)            ; 8 (0)        ; 0           ; 0            ; 0       ; 0         ; 0    ; 0            ; |TOTAL|UPC:PC                            ; work         ;
;       |74161:inst1|        ; 5 (0)             ; 4 (0)        ; 0           ; 0            ; 0       ; 0         ; 0    ; 0            ; |TOTAL|UPC:PC|74161:inst1                ; work         ;
;          |f74161:sub|      ; 5 (5)             ; 4 (4)        ; 0           ; 0            ; 0       ; 0         ; 0    ; 0            ; |TOTAL|UPC:PC|74161:inst1|f74161:sub     ; work         ;
;       |74161:inst|         ; 9 (0)             ; 4 (0)        ; 0           ; 0            ; 0       ; 0         ; 0    ; 0            ; |TOTAL|UPC:PC|74161:inst                 ; work         ;
;          |f74161:sub|      ; 9 (9)             ; 4 (4)        ; 0           ; 0            ; 0       ; 0         ; 0    ; 0            ; |TOTAL|UPC:PC|74161:inst|f74161:sub      ; work         ;
;    |UPC:inst1|             ; 16 (0)            ; 8 (0)        ; 0           ; 0            ; 0       ; 0         ; 0    ; 0            ; |TOTAL|UPC:inst1                         ; work         ;
;       |74161:inst1|        ; 6 (0)             ; 4 (0)        ; 0           ; 0            ; 0       ; 0         ; 0    ; 0            ; |TOTAL|UPC:inst1|74161:inst1             ; work         ;
;          |f74161:sub|      ; 6 (6)             ; 4 (4)        ; 0           ; 0            ; 0       ; 0         ; 0    ; 0            ; |TOTAL|UPC:inst1|74161:inst1|f74161:sub  ; work         ;
;       |74161:inst|         ; 10 (0)            ; 4 (0)        ; 0           ; 0            ; 0       ; 0         ; 0    ; 0            ; |TOTAL|UPC:inst1|74161:inst              ; work         ;
;          |f74161:sub|      ; 10 (10)           ; 4 (4)        ; 0           ; 0            ; 0       ; 0         ; 0    ; 0            ; |TOTAL|UPC:inst1|74161:inst|f74161:sub   ; work         ;
;    |halt:inst|             ; 1 (1)             ; 1 (1)        ; 0           ; 0            ; 0       ; 0         ; 0    ; 0            ; |TOTAL|halt:inst                         ; work         ;
;    |register-group:inst16| ; 5 (5)             ; 32 (0)       ; 0           ; 0            ; 0       ; 0         ; 0    ; 0            ; |TOTAL|register-group:inst16             ; work         ;
;       |MAR-8:inst1|        ; 0 (0)             ; 8 (8)        ; 0           ; 0            ; 0       ; 0         ; 0    ; 0            ; |TOTAL|register-group:inst16|MAR-8:inst1 ; work         ;
;       |MAR-8:inst2|        ; 0 (0)             ; 8 (8)        ; 0           ; 0            ; 0       ; 0         ; 0    ; 0            ; |TOTAL|register-group:inst16|MAR-8:inst2 ; work         ;
;       |MAR-8:inst3|        ; 0 (0)             ; 8 (8)        ; 0           ; 0            ; 0       ; 0         ; 0    ; 0            ; |TOTAL|register-group:inst16|MAR-8:inst3 ; work         ;
;       |MAR-8:inst|         ; 0 (0)             ; 8 (8)        ; 0           ; 0            ; 0       ; 0         ; 0    ; 0            ; |TOTAL|register-group:inst16|MAR-8:inst  ; work         ;
;    |select-2:A|            ; 8 (8)             ; 0 (0)        ; 0           ; 0            ; 0       ; 0         ; 0    ; 0            ; |TOTAL|select-2:A                        ; work         ;
;    |select-2:B|            ; 28 (28)           ; 0 (0)        ; 0           ; 0            ; 0       ; 0         ; 0    ; 0            ; |TOTAL|select-2:B                        ; work         ;
+----------------------------+-------------------+--------------+-------------+--------------+---------+-----------+------+--------------+------------------------------------------+--------------+
Note: For table entries with two numbers listed, the numbers in parentheses indicate the number of resources of the given type used by the specific entity alone. The numbers listed outside of parentheses indicate the total resources of the given type used by the specific entity and all of its sub-entities in the hierarchy.


+------------------------------------------------------+
; General Register Statistics                          ;
+----------------------------------------------+-------+
; Statistic                                    ; Value ;
+----------------------------------------------+-------+
; Total registers                              ; 74    ;
; Number of registers using Synchronous Clear  ; 0     ;
; Number of registers using Synchronous Load   ; 0     ;
; Number of registers using Asynchronous Clear ; 73    ;
; Number of registers using Asynchronous Load  ; 0     ;
; Number of registers using Clock Enable       ; 0     ;
; Number of registers using Preset             ; 0     ;
+----------------------------------------------+-------+


+-------------------------------------------------------------------+
; Parameter Settings for User Entity Instance: UPC:inst1|74161:inst ;
+------------------------+------------+-----------------------------+
; Parameter Name         ; Value      ; Type                        ;
+------------------------+------------+-----------------------------+
; DEVICE_FAMILY          ; Cyclone II ; Untyped                     ;
; AUTO_CARRY_CHAINS      ; ON         ; AUTO_CARRY                  ;
; IGNORE_CARRY_BUFFERS   ; OFF        ; IGNORE_CARRY                ;
; AUTO_CASCADE_CHAINS    ; ON         ; AUTO_CASCADE                ;
; IGNORE_CASCADE_BUFFERS ; OFF        ; IGNORE_CASCADE              ;
+------------------------+------------+-----------------------------+
Note: In order to hide this table in the UI and the text report file, please set the "Show Parameter Settings Tables in Synthesis Report" option in "Analysis and Synthesis Settings -> More Settings" to "Off".


+--------------------------------------------------------------------+
; Parameter Settings for User Entity Instance: UPC:inst1|74161:inst1 ;
+------------------------+------------+------------------------------+
; Parameter Name         ; Value      ; Type                         ;
+------------------------+------------+------------------------------+
; DEVICE_FAMILY          ; Cyclone II ; Untyped                      ;
; AUTO_CARRY_CHAINS      ; ON         ; AUTO_CARRY                   ;
; IGNORE_CARRY_BUFFERS   ; OFF        ; IGNORE_CARRY                 ;
; AUTO_CASCADE_CHAINS    ; ON         ; AUTO_CASCADE                 ;
; IGNORE_CASCADE_BUFFERS ; OFF        ; IGNORE_CASCADE               ;
+------------------------+------------+------------------------------+
Note: In order to hide this table in the UI and the text report file, please set the "Show Parameter Settings Tables in Synthesis Report" option in "Analysis and Synthesis Settings -> More Settings" to "Off".


+----------------------------------------------------------------+
; Parameter Settings for User Entity Instance: UPC:PC|74161:inst ;
+------------------------+------------+--------------------------+
; Parameter Name         ; Value      ; Type                     ;
+------------------------+------------+--------------------------+
; DEVICE_FAMILY          ; Cyclone II ; Untyped                  ;
; AUTO_CARRY_CHAINS      ; ON         ; AUTO_CARRY               ;
; IGNORE_CARRY_BUFFERS   ; OFF        ; IGNORE_CARRY             ;
; AUTO_CASCADE_CHAINS    ; ON         ; AUTO_CASCADE             ;
; IGNORE_CASCADE_BUFFERS ; OFF        ; IGNORE_CASCADE           ;
+------------------------+------------+--------------------------+
Note: In order to hide this table in the UI and the text report file, please set the "Show Parameter Settings Tables in Synthesis Report" option in "Analysis and Synthesis Settings -> More Settings" to "Off".


+-----------------------------------------------------------------+
; Parameter Settings for User Entity Instance: UPC:PC|74161:inst1 ;
+------------------------+------------+---------------------------+
; Parameter Name         ; Value      ; Type                      ;
+------------------------+------------+---------------------------+
; DEVICE_FAMILY          ; Cyclone II ; Untyped                   ;
; AUTO_CARRY_CHAINS      ; ON         ; AUTO_CARRY                ;
; IGNORE_CARRY_BUFFERS   ; OFF        ; IGNORE_CARRY              ;
; AUTO_CASCADE_CHAINS    ; ON         ; AUTO_CASCADE              ;
; IGNORE_CASCADE_BUFFERS ; OFF        ; IGNORE_CASCADE            ;
+------------------------+------------+---------------------------+
Note: In order to hide this table in the UI and the text report file, please set the "Show Parameter Settings Tables in Synthesis Report" option in "Analysis and Synthesis Settings -> More Settings" to "Off".


+-------------------------------+
; Analysis & Synthesis Messages ;
+-------------------------------+
Info: *******************************************************************
Info: Running Quartus II Analysis & Synthesis
    Info: Version 8.1 Build 163 10/28/2008 SJ Web Edition
    Info: Processing started: Tue May 21 20:18:27 2024
Info: Command: quartus_map --read_settings_files=on --write_settings_files=off TOTAL -c TOTAL
Info: Found 1 design units, including 1 entities, in source file select1-4.bdf
    Info: Found entity 1: select1-4
Info: Found 1 design units, including 1 entities, in source file select8-4.bdf
    Info: Found entity 1: select8-4
Info: Found 1 design units, including 1 entities, in source file MICRO_AD.bdf
    Info: Found entity 1: MICRO_AD
Info: Found 1 design units, including 1 entities, in source file 38_decoder.bdf
    Info: Found entity 1: 38_decoder
Info: Found 1 design units, including 1 entities, in source file 24_decoder.bdf
    Info: Found entity 1: 24_decoder
Info: Found 1 design units, including 1 entities, in source file ALU.bdf
    Info: Found entity 1: ALU
Info: Found 1 design units, including 1 entities, in source file UPC.bdf
    Info: Found entity 1: UPC
Info: Found 1 design units, including 1 entities, in source file select-2.bdf
    Info: Found entity 1: select-2
Info: Found 1 design units, including 1 entities, in source file register-group.bdf
    Info: Found entity 1: register-group
Info: Found 1 design units, including 1 entities, in source file MDR.bdf
    Info: Found entity 1: MDR
Info: Found 1 design units, including 1 entities, in source file MAR-8.bdf
    Info: Found entity 1: MAR-8
Info: Found 1 design units, including 1 entities, in source file halt.bdf
    Info: Found entity 1: halt
Info: Found 1 design units, including 1 entities, in source file counter-256.bdf
    Info: Found entity 1: counter-256
Info: Found 1 design units, including 1 entities, in source file ALU-8.bdf
    Info: Found entity 1: ALU-8
Info: Found 1 design units, including 1 entities, in source file TOTAL.bdf
    Info: Found entity 1: TOTAL
Info: Elaborating entity "TOTAL" for the top level hierarchy
Warning: Block or symbol "AND2" of instance "inst45" overlaps another block or symbol
Warning: Block or symbol "NOT" of instance "inst6" overlaps another block or symbol
Warning: Pin "TE9" is missing source
Info: Elaborating entity "halt" for hierarchy "halt:inst"
Info: Elaborating entity "24_decoder" for hierarchy "24_decoder:inst2"
Info: Elaborating entity "38_decoder" for hierarchy "24_decoder:inst2|38_decoder:inst"
Info: Elaborating entity "UPC" for hierarchy "UPC:inst1"
Info: Elaborating entity "74161" for hierarchy "UPC:inst1|74161:inst"
Info: Elaborated megafunction instantiation "UPC:inst1|74161:inst"
Info: Elaborating entity "f74161" for hierarchy "UPC:inst1|74161:inst|f74161:sub"
Info: Elaborated megafunction instantiation "UPC:inst1|74161:inst|f74161:sub", which is child of megafunction instantiation "UPC:inst1|74161:inst"
Info: Elaborating entity "74161" for hierarchy "UPC:inst1|74161:inst1"
Info: Elaborated megafunction instantiation "UPC:inst1|74161:inst1"
Info: Elaborating entity "MICRO_AD" for hierarchy "MICRO_AD:inst5"
Warning: Using design file triple_selector_8b.bdf, which is not specified as a design file for the current project, but contains definitions for 1 design units and 1 entities in project
    Info: Found entity 1: triple_selector_8b
Info: Elaborating entity "triple_selector_8b" for hierarchy "MICRO_AD:inst5|triple_selector_8b:inst"
Info: Elaborating entity "select-2" for hierarchy "MICRO_AD:inst5|select-2:inst6"
Info: Elaborating entity "MAR-8" for hierarchy "MAR-8:IR"
Info: Elaborating entity "ALU" for hierarchy "ALU:inst40"
Warning: Block or symbol "NOT" of instance "inst6" overlaps another block or symbol
Warning: Block or symbol "NOT" of instance "inst8" overlaps another block or symbol
Warning: Block or symbol "NOT" of instance "inst10" overlaps another block or symbol
Warning: Block or symbol "NOT" of instance "inst12" overlaps another block or symbol
Warning: Block or symbol "NOT" of instance "inst20" overlaps another block or symbol
Warning: Block or symbol "NOT" of instance "inst22" overlaps another block or symbol
Warning: Block or symbol "NOT" of instance "inst24" overlaps another block or symbol
Warning: Block or symbol "NOT" of instance "inst26" overlaps another block or symbol
Warning: Block or symbol "NOT" of instance "inst28" overlaps another block or symbol
Warning: Block or symbol "NOT" of instance "inst30" overlaps another block or symbol
Warning: Block or symbol "NOT" of instance "inst32" overlaps another block or symbol
Warning: Block or symbol "NOT" of instance "inst34" overlaps another block or symbol
Info: Elaborating entity "74181" for hierarchy "ALU:inst40|74181:inst"
Info: Elaborated megafunction instantiation "ALU:inst40|74181:inst"
Info: Elaborating entity "74182" for hierarchy "ALU:inst40|74182:inst2"
Info: Elaborated megafunction instantiation "ALU:inst40|74182:inst2"
Info: Elaborating entity "register-group" for hierarchy "register-group:inst16"
Warning: Block or symbol "NOT" of instance "inst16" overlaps another block or symbol
Info: Elaborating entity "74139" for hierarchy "register-group:inst16|74139:inst15"
Info: Elaborated megafunction instantiation "register-group:inst16|74139:inst15"
Info: Elaborating entity "select8-4" for hierarchy "register-group:inst16|select8-4:inst4"
Info: Elaborating entity "select1-4" for hierarchy "register-group:inst16|select8-4:inst4|select1-4:inst"
Info: Elaborating entity "MDR" for hierarchy "MDR:inst24"
Info: Ignored 46 buffer(s)
    Info: Ignored 16 CARRY buffer(s)
    Info: Ignored 30 SOFT buffer(s)
Warning: Output pins are stuck at VCC or GND
    Warning (13410): Pin "TE9" is stuck at GND
Info: Implemented 281 device resources after synthesis - the final resource count might be different
    Info: Implemented 22 input pins
    Info: Implemented 68 output pins
    Info: Implemented 8 bidirectional pins
    Info: Implemented 183 logic cells
Info: Quartus II Analysis & Synthesis was successful. 0 errors, 19 warnings
    Info: Peak virtual memory: 200 megabytes
    Info: Processing ended: Tue May 21 20:18:31 2024
    Info: Elapsed time: 00:00:04
    Info: Total CPU time (on all processors): 00:00:02


