Classic Timing Analyzer report for register-8
Sun May 19 09:56:32 2024
Quartus II Version 8.1 Build 163 10/28/2008 SJ Web Edition


---------------------
; Table of Contents ;
---------------------
  1. Legal Notice
  2. Timing Analyzer Summary
  3. Timing Analyzer Settings
  4. Clock Settings Summary
  5. tsu
  6. tco
  7. th
  8. Timing Analyzer Messages



----------------
; Legal Notice ;
----------------
Copyright (C) 1991-2008 Altera Corporation
Your use of Altera Corporation's design tools, logic functions 
and other software and tools, and its AMPP partner logic 
functions, and any output files from any of the foregoing 
(including device programming or simulation files), and any 
associated documentation or information are expressly subject 
to the terms and conditions of the Altera Program License 
Subscription Agreement, Altera MegaCore Function License 
Agreement, or other applicable license agreement, including, 
without limitation, that your use is for the sole purpose of 
programming logic devices manufactured by Altera and sold by 
Altera or its authorized distributors.  Please refer to the 
applicable agreement for further details.



+------------------------------------------------------------------------------------------------------------------------------------------------------------+
; Timing Analyzer Summary                                                                                                                                    ;
+------------------------------+-------+---------------+-------------+-----------------------+------------------------+------------+----------+--------------+
; Type                         ; Slack ; Required Time ; Actual Time ; From                  ; To                     ; From Clock ; To Clock ; Failed Paths ;
+------------------------------+-------+---------------+-------------+-----------------------+------------------------+------------+----------+--------------+
; Worst-case tsu               ; N/A   ; None          ; 5.166 ns    ; d0                    ; register-4:inst1|inst3 ; --         ; CP       ; 0            ;
; Worst-case tco               ; N/A   ; None          ; 9.132 ns    ; register-4:inst|inst1 ; q6                     ; CP         ; --       ; 0            ;
; Worst-case th                ; N/A   ; None          ; -4.245 ns   ; d4                    ; register-4:inst|inst3  ; --         ; CP       ; 0            ;
; Total number of failed paths ;       ;               ;             ;                       ;                        ;            ;          ; 0            ;
+------------------------------+-------+---------------+-------------+-----------------------+------------------------+------------+----------+--------------+


+--------------------------------------------------------------------------------------------------------------------+
; Timing Analyzer Settings                                                                                           ;
+---------------------------------------------------------------------+--------------------+------+----+-------------+
; Option                                                              ; Setting            ; From ; To ; Entity Name ;
+---------------------------------------------------------------------+--------------------+------+----+-------------+
; Device Name                                                         ; EP2C8Q208C8        ;      ;    ;             ;
; Timing Models                                                       ; Final              ;      ;    ;             ;
; Default hold multicycle                                             ; Same as Multicycle ;      ;    ;             ;
; Cut paths between unrelated clock domains                           ; On                 ;      ;    ;             ;
; Cut off read during write signal paths                              ; On                 ;      ;    ;             ;
; Cut off feedback from I/O pins                                      ; On                 ;      ;    ;             ;
; Report Combined Fast/Slow Timing                                    ; Off                ;      ;    ;             ;
; Ignore Clock Settings                                               ; Off                ;      ;    ;             ;
; Analyze latches as synchronous elements                             ; On                 ;      ;    ;             ;
; Enable Recovery/Removal analysis                                    ; Off                ;      ;    ;             ;
; Enable Clock Latency                                                ; Off                ;      ;    ;             ;
; Use TimeQuest Timing Analyzer                                       ; Off                ;      ;    ;             ;
; Minimum Core Junction Temperature                                   ; 0                  ;      ;    ;             ;
; Maximum Core Junction Temperature                                   ; 85                 ;      ;    ;             ;
; Number of source nodes to report per destination node               ; 10                 ;      ;    ;             ;
; Number of destination nodes to report                               ; 10                 ;      ;    ;             ;
; Number of paths to report                                           ; 200                ;      ;    ;             ;
; Report Minimum Timing Checks                                        ; Off                ;      ;    ;             ;
; Use Fast Timing Models                                              ; Off                ;      ;    ;             ;
; Report IO Paths Separately                                          ; Off                ;      ;    ;             ;
; Perform Multicorner Analysis                                        ; On                 ;      ;    ;             ;
; Reports the worst-case path for each clock domain and analysis      ; Off                ;      ;    ;             ;
; Removes common clock path pessimism (CCPP) during slack computation ; Off                ;      ;    ;             ;
; Output I/O Timing Endpoint                                          ; Near End           ;      ;    ;             ;
+---------------------------------------------------------------------+--------------------+------+----+-------------+


+------------------------------------------------------------------------------------------------------------------------------------------------------------------------------------+
; Clock Settings Summary                                                                                                                                                             ;
+-----------------+--------------------+----------+------------------+---------------+--------------+----------+-----------------------+---------------------+--------+--------------+
; Clock Node Name ; Clock Setting Name ; Type     ; Fmax Requirement ; Early Latency ; Late Latency ; Based on ; Multiply Base Fmax by ; Divide Base Fmax by ; Offset ; Phase offset ;
+-----------------+--------------------+----------+------------------+---------------+--------------+----------+-----------------------+---------------------+--------+--------------+
; CP              ;                    ; User Pin ; None             ; 0.000 ns      ; 0.000 ns     ; --       ; N/A                   ; N/A                 ; N/A    ;              ;
+-----------------+--------------------+----------+------------------+---------------+--------------+----------+-----------------------+---------------------+--------+--------------+


+------------------------------------------------------------------------------+
; tsu                                                                          ;
+-------+--------------+------------+------+------------------------+----------+
; Slack ; Required tsu ; Actual tsu ; From ; To                     ; To Clock ;
+-------+--------------+------------+------+------------------------+----------+
; N/A   ; None         ; 5.166 ns   ; d0   ; register-4:inst1|inst3 ; CP       ;
; N/A   ; None         ; 4.806 ns   ; d2   ; register-4:inst1|inst1 ; CP       ;
; N/A   ; None         ; 4.764 ns   ; d7   ; register-4:inst|inst   ; CP       ;
; N/A   ; None         ; 4.716 ns   ; d6   ; register-4:inst|inst1  ; CP       ;
; N/A   ; None         ; 4.641 ns   ; d3   ; register-4:inst1|inst  ; CP       ;
; N/A   ; None         ; 4.587 ns   ; d1   ; register-4:inst1|inst2 ; CP       ;
; N/A   ; None         ; 4.583 ns   ; d5   ; register-4:inst|inst2  ; CP       ;
; N/A   ; None         ; 4.511 ns   ; d4   ; register-4:inst|inst3  ; CP       ;
+-------+--------------+------------+------+------------------------+----------+


+------------------------------------------------------------------------------+
; tco                                                                          ;
+-------+--------------+------------+------------------------+----+------------+
; Slack ; Required tco ; Actual tco ; From                   ; To ; From Clock ;
+-------+--------------+------------+------------------------+----+------------+
; N/A   ; None         ; 9.132 ns   ; register-4:inst|inst1  ; q6 ; CP         ;
; N/A   ; None         ; 8.961 ns   ; register-4:inst|inst   ; q7 ; CP         ;
; N/A   ; None         ; 8.928 ns   ; register-4:inst|inst2  ; q5 ; CP         ;
; N/A   ; None         ; 8.924 ns   ; register-4:inst|inst3  ; q4 ; CP         ;
; N/A   ; None         ; 8.523 ns   ; register-4:inst1|inst1 ; q2 ; CP         ;
; N/A   ; None         ; 8.520 ns   ; register-4:inst1|inst  ; q3 ; CP         ;
; N/A   ; None         ; 8.511 ns   ; register-4:inst1|inst3 ; q0 ; CP         ;
; N/A   ; None         ; 8.507 ns   ; register-4:inst1|inst2 ; q1 ; CP         ;
+-------+--------------+------------+------------------------+----+------------+


+------------------------------------------------------------------------------------+
; th                                                                                 ;
+---------------+-------------+-----------+------+------------------------+----------+
; Minimum Slack ; Required th ; Actual th ; From ; To                     ; To Clock ;
+---------------+-------------+-----------+------+------------------------+----------+
; N/A           ; None        ; -4.245 ns ; d4   ; register-4:inst|inst3  ; CP       ;
; N/A           ; None        ; -4.317 ns ; d5   ; register-4:inst|inst2  ; CP       ;
; N/A           ; None        ; -4.321 ns ; d1   ; register-4:inst1|inst2 ; CP       ;
; N/A           ; None        ; -4.375 ns ; d3   ; register-4:inst1|inst  ; CP       ;
; N/A           ; None        ; -4.450 ns ; d6   ; register-4:inst|inst1  ; CP       ;
; N/A           ; None        ; -4.498 ns ; d7   ; register-4:inst|inst   ; CP       ;
; N/A           ; None        ; -4.540 ns ; d2   ; register-4:inst1|inst1 ; CP       ;
; N/A           ; None        ; -4.900 ns ; d0   ; register-4:inst1|inst3 ; CP       ;
+---------------+-------------+-----------+------+------------------------+----------+


+--------------------------+
; Timing Analyzer Messages ;
+--------------------------+
Info: *******************************************************************
Info: Running Quartus II Classic Timing Analyzer
    Info: Version 8.1 Build 163 10/28/2008 SJ Web Edition
    Info: Processing started: Sun May 19 09:56:31 2024
Info: Command: quartus_tan --read_settings_files=off --write_settings_files=off register-8 -c register-8 --timing_analysis_only
Warning: Found pins functioning as undefined clocks and/or memory enables
    Info: Assuming node "CP" is an undefined clock
Info: No valid register-to-register data paths exist for clock "CP"
Info: tsu for register "register-4:inst1|inst3" (data pin = "d0", clock pin = "CP") is 5.166 ns
    Info: + Longest pin to register delay is 8.069 ns
        Info: 1: + IC(0.000 ns) + CELL(0.974 ns) = 0.974 ns; Loc. = PIN_77; Fanout = 1; PIN Node = 'd0'
        Info: 2: + IC(6.781 ns) + CELL(0.206 ns) = 7.961 ns; Loc. = LCCOMB_X26_Y6_N22; Fanout = 1; COMB Node = 'register-4:inst1|inst3~feeder'
        Info: 3: + IC(0.000 ns) + CELL(0.108 ns) = 8.069 ns; Loc. = LCFF_X26_Y6_N23; Fanout = 1; REG Node = 'register-4:inst1|inst3'
        Info: Total cell delay = 1.288 ns ( 15.96 % )
        Info: Total interconnect delay = 6.781 ns ( 84.04 % )
    Info: + Micro setup delay of destination is -0.040 ns
    Info: - Shortest clock path from clock "CP" to destination register is 2.863 ns
        Info: 1: + IC(0.000 ns) + CELL(1.150 ns) = 1.150 ns; Loc. = PIN_132; Fanout = 1; CLK Node = 'CP'
        Info: 2: + IC(0.139 ns) + CELL(0.000 ns) = 1.289 ns; Loc. = CLKCTRL_G6; Fanout = 8; COMB Node = 'CP~clkctrl'
        Info: 3: + IC(0.908 ns) + CELL(0.666 ns) = 2.863 ns; Loc. = LCFF_X26_Y6_N23; Fanout = 1; REG Node = 'register-4:inst1|inst3'
        Info: Total cell delay = 1.816 ns ( 63.43 % )
        Info: Total interconnect delay = 1.047 ns ( 36.57 % )
Info: tco from clock "CP" to destination pin "q6" through register "register-4:inst|inst1" is 9.132 ns
    Info: + Longest clock path from clock "CP" to source register is 2.863 ns
        Info: 1: + IC(0.000 ns) + CELL(1.150 ns) = 1.150 ns; Loc. = PIN_132; Fanout = 1; CLK Node = 'CP'
        Info: 2: + IC(0.139 ns) + CELL(0.000 ns) = 1.289 ns; Loc. = CLKCTRL_G6; Fanout = 8; COMB Node = 'CP~clkctrl'
        Info: 3: + IC(0.908 ns) + CELL(0.666 ns) = 2.863 ns; Loc. = LCFF_X26_Y6_N27; Fanout = 1; REG Node = 'register-4:inst|inst1'
        Info: Total cell delay = 1.816 ns ( 63.43 % )
        Info: Total interconnect delay = 1.047 ns ( 36.57 % )
    Info: + Micro clock to output delay of source is 0.304 ns
    Info: + Longest register to pin delay is 5.965 ns
        Info: 1: + IC(0.000 ns) + CELL(0.000 ns) = 0.000 ns; Loc. = LCFF_X26_Y6_N27; Fanout = 1; REG Node = 'register-4:inst|inst1'
        Info: 2: + IC(2.849 ns) + CELL(3.116 ns) = 5.965 ns; Loc. = PIN_149; Fanout = 0; PIN Node = 'q6'
        Info: Total cell delay = 3.116 ns ( 52.24 % )
        Info: Total interconnect delay = 2.849 ns ( 47.76 % )
Info: th for register "register-4:inst|inst3" (data pin = "d4", clock pin = "CP") is -4.245 ns
    Info: + Longest clock path from clock "CP" to destination register is 2.863 ns
        Info: 1: + IC(0.000 ns) + CELL(1.150 ns) = 1.150 ns; Loc. = PIN_132; Fanout = 1; CLK Node = 'CP'
        Info: 2: + IC(0.139 ns) + CELL(0.000 ns) = 1.289 ns; Loc. = CLKCTRL_G6; Fanout = 8; COMB Node = 'CP~clkctrl'
        Info: 3: + IC(0.908 ns) + CELL(0.666 ns) = 2.863 ns; Loc. = LCFF_X26_Y6_N7; Fanout = 1; REG Node = 'register-4:inst|inst3'
        Info: Total cell delay = 1.816 ns ( 63.43 % )
        Info: Total interconnect delay = 1.047 ns ( 36.57 % )
    Info: + Micro hold delay of destination is 0.306 ns
    Info: - Shortest pin to register delay is 7.414 ns
        Info: 1: + IC(0.000 ns) + CELL(0.964 ns) = 0.964 ns; Loc. = PIN_84; Fanout = 1; PIN Node = 'd4'
        Info: 2: + IC(6.136 ns) + CELL(0.206 ns) = 7.306 ns; Loc. = LCCOMB_X26_Y6_N6; Fanout = 1; COMB Node = 'register-4:inst|inst3~feeder'
        Info: 3: + IC(0.000 ns) + CELL(0.108 ns) = 7.414 ns; Loc. = LCFF_X26_Y6_N7; Fanout = 1; REG Node = 'register-4:inst|inst3'
        Info: Total cell delay = 1.278 ns ( 17.24 % )
        Info: Total interconnect delay = 6.136 ns ( 82.76 % )
Info: Quartus II Classic Timing Analyzer was successful. 0 errors, 1 warning
    Info: Peak virtual memory: 160 megabytes
    Info: Processing ended: Sun May 19 09:56:32 2024
    Info: Elapsed time: 00:00:01
    Info: Total CPU time (on all processors): 00:00:00


